<?xml version="1.0" encoding="UTF-8"?>
<coverage generated="1733346437424" clover="3.2.0">
  <project timestamp="1733346437424" name="All files">
    <metrics statements="18" coveredstatements="18" conditionals="6" coveredconditionals="6" methods="5" coveredmethods="5" elements="29" coveredelements="29" complexity="0" loc="18" ncloc="18" packages="1" files="1" classes="1"/>
    <file name="game.js" path="C:\Users\rohly\Desktop\1dv609test\hangmanGame\src\js\model\game.js">
      <metrics statements="18" coveredstatements="18" conditionals="6" coveredconditionals="6" methods="5" coveredmethods="5"/>
      <line num="19" count="13" type="stmt"/>
      <line num="20" count="13" type="stmt"/>
      <line num="21" count="13" type="stmt"/>
      <line num="32" count="39" type="stmt"/>
      <line num="33" count="39" type="cond" truecount="2" falsecount="0"/>
      <line num="34" count="5" type="stmt"/>
      <line num="36" count="34" type="stmt"/>
      <line num="46" count="39" type="stmt"/>
      <line num="47" count="39" type="stmt"/>
      <line num="50" count="34" type="cond" truecount="2" falsecount="0"/>
      <line num="51" count="2" type="stmt"/>
      <line num="55" count="32" type="stmt"/>
      <line num="58" count="32" type="cond" truecount="2" falsecount="0"/>
      <line num="59" count="10" type="stmt"/>
      <line num="60" count="10" type="stmt"/>
      <line num="63" count="22" type="stmt"/>
      <line num="66" count="5" type="stmt"/>
      <line num="76" count="17" type="stmt"/>
    </file>
  </project>
</coverage>
