{"C:\\Users\\rohly\\Desktop\\1dv609test\\hangmanGame\\src\\index.js": {"path":"C:\\Users\\rohly\\Desktop\\1dv609test\\hangmanGame\\src\\index.js","statementMap":{"0":{"start":{"line":19,"column":18},"end":{"line":19,"column":52}},"1":{"start":{"line":20,"column":2},"end":{"line":22,"column":3}},"2":{"start":{"line":21,"column":4},"end":{"line":21,"column":33}},"3":{"start":{"line":42,"column":15},"end":{"line":42,"column":34}},"4":{"start":{"line":43,"column":15},"end":{"line":43,"column":30}},"5":{"start":{"line":44,"column":21},"end":{"line":44,"column":52}},"6":{"start":{"line":47,"column":2},"end":{"line":47,"column":57}},"7":{"start":{"line":50,"column":2},"end":{"line":50,"column":47}},"8":{"start":{"line":51,"column":2},"end":{"line":51,"column":46}},"9":{"start":{"line":52,"column":2},"end":{"line":52,"column":21}},"10":{"start":{"line":54,"column":2},"end":{"line":54,"column":35}},"11":{"start":{"line":58,"column":0},"end":{"line":60,"column":2}},"12":{"start":{"line":59,"column":2},"end":{"line":59,"column":40}}},"fnMap":{"0":{"name":"updateWordDisplay","decl":{"start":{"line":18,"column":9},"end":{"line":18,"column":26}},"loc":{"start":{"line":18,"column":47},"end":{"line":23,"column":1}},"line":18},"1":{"name":"initializeGame","decl":{"start":{"line":35,"column":16},"end":{"line":35,"column":30}},"loc":{"start":{"line":41,"column":2},"end":{"line":55,"column":1}},"line":41},"2":{"name":"(anonymous_2)","decl":{"start":{"line":58,"column":46},"end":{"line":58,"column":47}},"loc":{"start":{"line":58,"column":52},"end":{"line":60,"column":1}},"line":58}},"branchMap":{"0":{"loc":{"start":{"line":20,"column":2},"end":{"line":22,"column":3}},"type":"if","locations":[{"start":{"line":20,"column":2},"end":{"line":22,"column":3}},{"start":{},"end":{}}],"line":20},"1":{"loc":{"start":{"line":39,"column":2},"end":{"line":39,"column":18}},"type":"default-arg","locations":[{"start":{"line":39,"column":9},"end":{"line":39,"column":18}}],"line":39},"2":{"loc":{"start":{"line":40,"column":2},"end":{"line":40,"column":32}},"type":"default-arg","locations":[{"start":{"line":40,"column":18},"end":{"line":40,"column":32}}],"line":40}},"s":{"0":4,"1":4,"2":4,"3":4,"4":4,"5":4,"6":4,"7":4,"8":4,"9":4,"10":4,"11":1,"12":0},"f":{"0":4,"1":4,"2":0},"b":{"0":[4,0],"1":[0],"2":[0]},"_coverageSchema":"1a1c01bbd47fc00a2c39e90264f33305004495a9","hash":"c4d1dca94a1f1f5b6a771f5f27bab1d98ceb8004"}
,"C:\\Users\\rohly\\Desktop\\1dv609test\\hangmanGame\\src\\js\\controler\\controler.js": {"path":"C:\\Users\\rohly\\Desktop\\1dv609test\\hangmanGame\\src\\js\\controler\\controler.js","statementMap":{"0":{"start":{"line":25,"column":4},"end":{"line":25,"column":20}},"1":{"start":{"line":26,"column":4},"end":{"line":26,"column":20}},"2":{"start":{"line":35,"column":4},"end":{"line":37,"column":5}},"3":{"start":{"line":36,"column":6},"end":{"line":36,"column":61}},"4":{"start":{"line":44,"column":4},"end":{"line":48,"column":5}},"5":{"start":{"line":45,"column":6},"end":{"line":45,"column":39}},"6":{"start":{"line":46,"column":11},"end":{"line":48,"column":5}},"7":{"start":{"line":47,"column":6},"end":{"line":47,"column":40}},"8":{"start":{"line":57,"column":4},"end":{"line":57,"column":28}},"9":{"start":{"line":58,"column":4},"end":{"line":58,"column":59}},"10":{"start":{"line":59,"column":4},"end":{"line":59,"column":38}},"11":{"start":{"line":60,"column":4},"end":{"line":60,"column":28}},"12":{"start":{"line":61,"column":4},"end":{"line":61,"column":29}}},"fnMap":{"0":{"name":"(anonymous_0)","decl":{"start":{"line":24,"column":2},"end":{"line":24,"column":3}},"loc":{"start":{"line":24,"column":27},"end":{"line":27,"column":3}},"line":24},"1":{"name":"(anonymous_1)","decl":{"start":{"line":34,"column":2},"end":{"line":34,"column":3}},"loc":{"start":{"line":34,"column":23},"end":{"line":38,"column":3}},"line":34},"2":{"name":"(anonymous_2)","decl":{"start":{"line":43,"column":2},"end":{"line":43,"column":3}},"loc":{"start":{"line":43,"column":20},"end":{"line":49,"column":3}},"line":43},"3":{"name":"(anonymous_3)","decl":{"start":{"line":56,"column":2},"end":{"line":56,"column":3}},"loc":{"start":{"line":56,"column":24},"end":{"line":62,"column":3}},"line":56}},"branchMap":{"0":{"loc":{"start":{"line":35,"column":4},"end":{"line":37,"column":5}},"type":"if","locations":[{"start":{"line":35,"column":4},"end":{"line":37,"column":5}},{"start":{},"end":{}}],"line":35},"1":{"loc":{"start":{"line":44,"column":4},"end":{"line":48,"column":5}},"type":"if","locations":[{"start":{"line":44,"column":4},"end":{"line":48,"column":5}},{"start":{"line":46,"column":11},"end":{"line":48,"column":5}}],"line":44},"2":{"loc":{"start":{"line":46,"column":11},"end":{"line":48,"column":5}},"type":"if","locations":[{"start":{"line":46,"column":11},"end":{"line":48,"column":5}},{"start":{},"end":{}}],"line":46}},"s":{"0":6,"1":6,"2":2,"3":1,"4":3,"5":1,"6":2,"7":1,"8":1,"9":1,"10":1,"11":1,"12":1},"f":{"0":6,"1":2,"2":3,"3":1},"b":{"0":[1,1],"1":[1,2],"2":[1,1]},"_coverageSchema":"1a1c01bbd47fc00a2c39e90264f33305004495a9","hash":"5bddeff48a807333fde830fb8c8121fa161b2568"}
,"C:\\Users\\rohly\\Desktop\\1dv609test\\hangmanGame\\src\\js\\model\\game.js": {"path":"C:\\Users\\rohly\\Desktop\\1dv609test\\hangmanGame\\src\\js\\model\\game.js","statementMap":{"0":{"start":{"line":19,"column":4},"end":{"line":19,"column":34}},"1":{"start":{"line":20,"column":4},"end":{"line":20,"column":28}},"2":{"start":{"line":21,"column":4},"end":{"line":21,"column":26}},"3":{"start":{"line":32,"column":22},"end":{"line":32,"column":42}},"4":{"start":{"line":33,"column":4},"end":{"line":35,"column":5}},"5":{"start":{"line":34,"column":6},"end":{"line":34,"column":75}},"6":{"start":{"line":36,"column":4},"end":{"line":36,"column":20}},"7":{"start":{"line":46,"column":4},"end":{"line":67,"column":5}},"8":{"start":{"line":47,"column":30},"end":{"line":47,"column":57}},"9":{"start":{"line":50,"column":6},"end":{"line":52,"column":7}},"10":{"start":{"line":51,"column":8},"end":{"line":51,"column":50}},"11":{"start":{"line":55,"column":6},"end":{"line":55,"column":47}},"12":{"start":{"line":58,"column":6},"end":{"line":61,"column":7}},"13":{"start":{"line":59,"column":8},"end":{"line":59,"column":47}},"14":{"start":{"line":60,"column":8},"end":{"line":60,"column":20}},"15":{"start":{"line":63,"column":6},"end":{"line":63,"column":17}},"16":{"start":{"line":66,"column":6},"end":{"line":66,"column":18}},"17":{"start":{"line":76,"column":4},"end":{"line":76,"column":84}},"18":{"start":{"line":76,"column":47},"end":{"line":76,"column":83}},"19":{"start":{"line":86,"column":30},"end":{"line":86,"column":31}},"20":{"start":{"line":87,"column":4},"end":{"line":87,"column":71}},"21":{"start":{"line":96,"column":4},"end":{"line":99,"column":16}},"22":{"start":{"line":98,"column":22},"end":{"line":98,"column":73}},"23":{"start":{"line":109,"column":4},"end":{"line":109,"column":37}},"24":{"start":{"line":110,"column":4},"end":{"line":110,"column":28}},"25":{"start":{"line":111,"column":4},"end":{"line":111,"column":26}}},"fnMap":{"0":{"name":"(anonymous_0)","decl":{"start":{"line":18,"column":2},"end":{"line":18,"column":3}},"loc":{"start":{"line":18,"column":21},"end":{"line":22,"column":3}},"line":18},"1":{"name":"(anonymous_1)","decl":{"start":{"line":31,"column":2},"end":{"line":31,"column":3}},"loc":{"start":{"line":31,"column":26},"end":{"line":37,"column":3}},"line":31},"2":{"name":"(anonymous_2)","decl":{"start":{"line":45,"column":2},"end":{"line":45,"column":3}},"loc":{"start":{"line":45,"column":26},"end":{"line":68,"column":3}},"line":45},"3":{"name":"(anonymous_3)","decl":{"start":{"line":75,"column":2},"end":{"line":75,"column":3}},"loc":{"start":{"line":75,"column":11},"end":{"line":77,"column":3}},"line":75},"4":{"name":"(anonymous_4)","decl":{"start":{"line":76,"column":37},"end":{"line":76,"column":38}},"loc":{"start":{"line":76,"column":47},"end":{"line":76,"column":83}},"line":76},"5":{"name":"(anonymous_5)","decl":{"start":{"line":85,"column":2},"end":{"line":85,"column":3}},"loc":{"start":{"line":85,"column":16},"end":{"line":88,"column":3}},"line":85},"6":{"name":"(anonymous_6)","decl":{"start":{"line":95,"column":2},"end":{"line":95,"column":3}},"loc":{"start":{"line":95,"column":20},"end":{"line":100,"column":3}},"line":95},"7":{"name":"(anonymous_7)","decl":{"start":{"line":98,"column":11},"end":{"line":98,"column":12}},"loc":{"start":{"line":98,"column":22},"end":{"line":98,"column":73}},"line":98},"8":{"name":"(anonymous_8)","decl":{"start":{"line":108,"column":2},"end":{"line":108,"column":3}},"loc":{"start":{"line":108,"column":18},"end":{"line":112,"column":3}},"line":108}},"branchMap":{"0":{"loc":{"start":{"line":33,"column":4},"end":{"line":35,"column":5}},"type":"if","locations":[{"start":{"line":33,"column":4},"end":{"line":35,"column":5}},{"start":{},"end":{}}],"line":33},"1":{"loc":{"start":{"line":50,"column":6},"end":{"line":52,"column":7}},"type":"if","locations":[{"start":{"line":50,"column":6},"end":{"line":52,"column":7}},{"start":{},"end":{}}],"line":50},"2":{"loc":{"start":{"line":58,"column":6},"end":{"line":61,"column":7}},"type":"if","locations":[{"start":{"line":58,"column":6},"end":{"line":61,"column":7}},{"start":{},"end":{}}],"line":58},"3":{"loc":{"start":{"line":87,"column":11},"end":{"line":87,"column":71}},"type":"binary-expr","locations":[{"start":{"line":87,"column":11},"end":{"line":87,"column":23}},{"start":{"line":87,"column":27},"end":{"line":87,"column":71}}],"line":87},"4":{"loc":{"start":{"line":98,"column":22},"end":{"line":98,"column":73}},"type":"cond-expr","locations":[{"start":{"line":98,"column":61},"end":{"line":98,"column":67}},{"start":{"line":98,"column":70},"end":{"line":98,"column":73}}],"line":98}},"s":{"0":23,"1":23,"2":23,"3":51,"4":51,"5":3,"6":48,"7":51,"8":51,"9":48,"10":2,"11":46,"12":46,"13":14,"14":14,"15":32,"16":3,"17":6,"18":27,"19":3,"20":3,"21":5,"22":41,"23":3,"24":3,"25":3},"f":{"0":23,"1":51,"2":51,"3":6,"4":27,"5":3,"6":5,"7":41,"8":3},"b":{"0":[3,48],"1":[2,46],"2":[14,32],"3":[3,2],"4":[10,31]},"_coverageSchema":"1a1c01bbd47fc00a2c39e90264f33305004495a9","hash":"82f46483e41b346f4084f81754a470ede14216ab"}
,"C:\\Users\\rohly\\Desktop\\1dv609test\\hangmanGame\\src\\js\\view\\view.js": {"path":"C:\\Users\\rohly\\Desktop\\1dv609test\\hangmanGame\\src\\js\\view\\view.js","statementMap":{"0":{"start":{"line":19,"column":25},"end":{"line":19,"column":63}},"1":{"start":{"line":20,"column":4},"end":{"line":23,"column":6}},"2":{"start":{"line":21,"column":21},"end":{"line":21,"column":46}},"3":{"start":{"line":22,"column":6},"end":{"line":22,"column":21}},"4":{"start":{"line":32,"column":31},"end":{"line":32,"column":70}},"5":{"start":{"line":33,"column":4},"end":{"line":35,"column":5}},"6":{"start":{"line":34,"column":6},"end":{"line":34,"column":50}},"7":{"start":{"line":44,"column":32},"end":{"line":44,"column":72}},"8":{"start":{"line":45,"column":4},"end":{"line":47,"column":5}},"9":{"start":{"line":46,"column":6},"end":{"line":46,"column":63}},"10":{"start":{"line":56,"column":29},"end":{"line":56,"column":63}},"11":{"start":{"line":58,"column":4},"end":{"line":60,"column":5}},"12":{"start":{"line":59,"column":6},"end":{"line":59,"column":12}},"13":{"start":{"line":62,"column":4},"end":{"line":65,"column":5}},"14":{"start":{"line":63,"column":6},"end":{"line":63,"column":37}},"15":{"start":{"line":64,"column":6},"end":{"line":64,"column":12}},"16":{"start":{"line":67,"column":21},"end":{"line":135,"column":5}},"17":{"start":{"line":137,"column":4},"end":{"line":137,"column":84}},"18":{"start":{"line":146,"column":27},"end":{"line":146,"column":66}},"19":{"start":{"line":147,"column":4},"end":{"line":149,"column":5}},"20":{"start":{"line":148,"column":6},"end":{"line":148,"column":42}}},"fnMap":{"0":{"name":"(anonymous_0)","decl":{"start":{"line":18,"column":2},"end":{"line":18,"column":3}},"loc":{"start":{"line":18,"column":22},"end":{"line":24,"column":3}},"line":18},"1":{"name":"(anonymous_1)","decl":{"start":{"line":20,"column":43},"end":{"line":20,"column":44}},"loc":{"start":{"line":20,"column":52},"end":{"line":23,"column":5}},"line":20},"2":{"name":"(anonymous_2)","decl":{"start":{"line":31,"column":2},"end":{"line":31,"column":3}},"loc":{"start":{"line":31,"column":34},"end":{"line":36,"column":3}},"line":31},"3":{"name":"(anonymous_3)","decl":{"start":{"line":43,"column":2},"end":{"line":43,"column":3}},"loc":{"start":{"line":43,"column":38},"end":{"line":48,"column":3}},"line":43},"4":{"name":"(anonymous_4)","decl":{"start":{"line":55,"column":2},"end":{"line":55,"column":3}},"loc":{"start":{"line":55,"column":21},"end":{"line":138,"column":3}},"line":55},"5":{"name":"(anonymous_5)","decl":{"start":{"line":145,"column":2},"end":{"line":145,"column":3}},"loc":{"start":{"line":145,"column":24},"end":{"line":150,"column":3}},"line":145}},"branchMap":{"0":{"loc":{"start":{"line":33,"column":4},"end":{"line":35,"column":5}},"type":"if","locations":[{"start":{"line":33,"column":4},"end":{"line":35,"column":5}},{"start":{},"end":{}}],"line":33},"1":{"loc":{"start":{"line":45,"column":4},"end":{"line":47,"column":5}},"type":"if","locations":[{"start":{"line":45,"column":4},"end":{"line":47,"column":5}},{"start":{},"end":{}}],"line":45},"2":{"loc":{"start":{"line":58,"column":4},"end":{"line":60,"column":5}},"type":"if","locations":[{"start":{"line":58,"column":4},"end":{"line":60,"column":5}},{"start":{},"end":{}}],"line":58},"3":{"loc":{"start":{"line":62,"column":4},"end":{"line":65,"column":5}},"type":"if","locations":[{"start":{"line":62,"column":4},"end":{"line":65,"column":5}},{"start":{},"end":{}}],"line":62},"4":{"loc":{"start":{"line":62,"column":8},"end":{"line":62,"column":60}},"type":"binary-expr","locations":[{"start":{"line":62,"column":8},"end":{"line":62,"column":32}},{"start":{"line":62,"column":36},"end":{"line":62,"column":45}},{"start":{"line":62,"column":49},"end":{"line":62,"column":60}}],"line":62},"5":{"loc":{"start":{"line":137,"column":33},"end":{"line":137,"column":84}},"type":"binary-expr","locations":[{"start":{"line":137,"column":33},"end":{"line":137,"column":78}},{"start":{"line":137,"column":82},"end":{"line":137,"column":84}}],"line":137},"6":{"loc":{"start":{"line":147,"column":4},"end":{"line":149,"column":5}},"type":"if","locations":[{"start":{"line":147,"column":4},"end":{"line":149,"column":5}},{"start":{},"end":{}}],"line":147}},"s":{"0":1,"1":1,"2":1,"3":1,"4":4,"5":4,"6":1,"7":4,"8":4,"9":2,"10":9,"11":9,"12":2,"13":7,"14":4,"15":4,"16":3,"17":3,"18":6,"19":6,"20":2},"f":{"0":1,"1":1,"2":4,"3":4,"4":9,"5":6},"b":{"0":[1,3],"1":[2,2],"2":[2,7],"3":[4,3],"4":[7,4,3],"5":[3,0],"6":[2,4]},"_coverageSchema":"1a1c01bbd47fc00a2c39e90264f33305004495a9","hash":"b547015913899d518019e875939514d1664c8f8d"}
}
