{"C:\\Users\\rohly\\Desktop\\1dv609test\\hangmanGame\\src\\js\\controler\\controler.js": {"path":"C:\\Users\\rohly\\Desktop\\1dv609test\\hangmanGame\\src\\js\\controler\\controler.js","statementMap":{"0":{"start":{"line":25,"column":4},"end":{"line":25,"column":20}},"1":{"start":{"line":26,"column":4},"end":{"line":26,"column":20}},"2":{"start":{"line":35,"column":4},"end":{"line":37,"column":5}},"3":{"start":{"line":36,"column":6},"end":{"line":36,"column":61}}},"fnMap":{"0":{"name":"(anonymous_0)","decl":{"start":{"line":24,"column":2},"end":{"line":24,"column":3}},"loc":{"start":{"line":24,"column":27},"end":{"line":27,"column":3}},"line":24},"1":{"name":"(anonymous_1)","decl":{"start":{"line":34,"column":2},"end":{"line":34,"column":3}},"loc":{"start":{"line":34,"column":23},"end":{"line":38,"column":3}},"line":34}},"branchMap":{"0":{"loc":{"start":{"line":35,"column":4},"end":{"line":37,"column":5}},"type":"if","locations":[{"start":{"line":35,"column":4},"end":{"line":37,"column":5}},{"start":{},"end":{}}],"line":35}},"s":{"0":2,"1":2,"2":2,"3":1},"f":{"0":2,"1":2},"b":{"0":[1,1]},"_coverageSchema":"1a1c01bbd47fc00a2c39e90264f33305004495a9","hash":"98e227662167df9ccea79fb79c121bfd59d7a56c"}
,"C:\\Users\\rohly\\Desktop\\1dv609test\\hangmanGame\\src\\js\\model\\game.js": {"path":"C:\\Users\\rohly\\Desktop\\1dv609test\\hangmanGame\\src\\js\\model\\game.js","statementMap":{"0":{"start":{"line":19,"column":4},"end":{"line":19,"column":34}},"1":{"start":{"line":20,"column":4},"end":{"line":20,"column":28}},"2":{"start":{"line":21,"column":4},"end":{"line":21,"column":26}},"3":{"start":{"line":32,"column":22},"end":{"line":32,"column":42}},"4":{"start":{"line":33,"column":4},"end":{"line":35,"column":5}},"5":{"start":{"line":34,"column":6},"end":{"line":34,"column":75}},"6":{"start":{"line":36,"column":4},"end":{"line":36,"column":20}},"7":{"start":{"line":46,"column":4},"end":{"line":67,"column":5}},"8":{"start":{"line":47,"column":30},"end":{"line":47,"column":57}},"9":{"start":{"line":50,"column":6},"end":{"line":52,"column":7}},"10":{"start":{"line":51,"column":8},"end":{"line":51,"column":50}},"11":{"start":{"line":55,"column":6},"end":{"line":55,"column":47}},"12":{"start":{"line":58,"column":6},"end":{"line":61,"column":7}},"13":{"start":{"line":59,"column":8},"end":{"line":59,"column":47}},"14":{"start":{"line":60,"column":8},"end":{"line":60,"column":20}},"15":{"start":{"line":63,"column":6},"end":{"line":63,"column":17}},"16":{"start":{"line":66,"column":6},"end":{"line":66,"column":18}},"17":{"start":{"line":76,"column":4},"end":{"line":76,"column":84}},"18":{"start":{"line":76,"column":47},"end":{"line":76,"column":83}},"19":{"start":{"line":86,"column":30},"end":{"line":86,"column":31}},"20":{"start":{"line":87,"column":4},"end":{"line":87,"column":71}},"21":{"start":{"line":96,"column":4},"end":{"line":99,"column":16}},"22":{"start":{"line":98,"column":22},"end":{"line":98,"column":73}},"23":{"start":{"line":109,"column":4},"end":{"line":109,"column":37}},"24":{"start":{"line":110,"column":4},"end":{"line":110,"column":28}},"25":{"start":{"line":111,"column":4},"end":{"line":111,"column":26}}},"fnMap":{"0":{"name":"(anonymous_0)","decl":{"start":{"line":18,"column":2},"end":{"line":18,"column":3}},"loc":{"start":{"line":18,"column":21},"end":{"line":22,"column":3}},"line":18},"1":{"name":"(anonymous_1)","decl":{"start":{"line":31,"column":2},"end":{"line":31,"column":3}},"loc":{"start":{"line":31,"column":26},"end":{"line":37,"column":3}},"line":31},"2":{"name":"(anonymous_2)","decl":{"start":{"line":45,"column":2},"end":{"line":45,"column":3}},"loc":{"start":{"line":45,"column":26},"end":{"line":68,"column":3}},"line":45},"3":{"name":"(anonymous_3)","decl":{"start":{"line":75,"column":2},"end":{"line":75,"column":3}},"loc":{"start":{"line":75,"column":11},"end":{"line":77,"column":3}},"line":75},"4":{"name":"(anonymous_4)","decl":{"start":{"line":76,"column":37},"end":{"line":76,"column":38}},"loc":{"start":{"line":76,"column":47},"end":{"line":76,"column":83}},"line":76},"5":{"name":"(anonymous_5)","decl":{"start":{"line":85,"column":2},"end":{"line":85,"column":3}},"loc":{"start":{"line":85,"column":16},"end":{"line":88,"column":3}},"line":85},"6":{"name":"(anonymous_6)","decl":{"start":{"line":95,"column":2},"end":{"line":95,"column":3}},"loc":{"start":{"line":95,"column":20},"end":{"line":100,"column":3}},"line":95},"7":{"name":"(anonymous_7)","decl":{"start":{"line":98,"column":11},"end":{"line":98,"column":12}},"loc":{"start":{"line":98,"column":22},"end":{"line":98,"column":73}},"line":98},"8":{"name":"(anonymous_8)","decl":{"start":{"line":108,"column":2},"end":{"line":108,"column":3}},"loc":{"start":{"line":108,"column":18},"end":{"line":112,"column":3}},"line":108}},"branchMap":{"0":{"loc":{"start":{"line":33,"column":4},"end":{"line":35,"column":5}},"type":"if","locations":[{"start":{"line":33,"column":4},"end":{"line":35,"column":5}},{"start":{},"end":{}}],"line":33},"1":{"loc":{"start":{"line":50,"column":6},"end":{"line":52,"column":7}},"type":"if","locations":[{"start":{"line":50,"column":6},"end":{"line":52,"column":7}},{"start":{},"end":{}}],"line":50},"2":{"loc":{"start":{"line":58,"column":6},"end":{"line":61,"column":7}},"type":"if","locations":[{"start":{"line":58,"column":6},"end":{"line":61,"column":7}},{"start":{},"end":{}}],"line":58},"3":{"loc":{"start":{"line":87,"column":11},"end":{"line":87,"column":71}},"type":"binary-expr","locations":[{"start":{"line":87,"column":11},"end":{"line":87,"column":23}},{"start":{"line":87,"column":27},"end":{"line":87,"column":71}}],"line":87},"4":{"loc":{"start":{"line":98,"column":22},"end":{"line":98,"column":73}},"type":"cond-expr","locations":[{"start":{"line":98,"column":61},"end":{"line":98,"column":67}},{"start":{"line":98,"column":70},"end":{"line":98,"column":73}}],"line":98}},"s":{"0":19,"1":19,"2":19,"3":50,"4":50,"5":3,"6":47,"7":50,"8":50,"9":47,"10":2,"11":45,"12":45,"13":13,"14":13,"15":32,"16":3,"17":6,"18":27,"19":3,"20":3,"21":3,"22":21,"23":2,"24":2,"25":2},"f":{"0":19,"1":50,"2":50,"3":6,"4":27,"5":3,"6":3,"7":21,"8":2},"b":{"0":[3,47],"1":[2,45],"2":[13,32],"3":[3,2],"4":[10,11]},"_coverageSchema":"1a1c01bbd47fc00a2c39e90264f33305004495a9","hash":"82f46483e41b346f4084f81754a470ede14216ab"}
,"C:\\Users\\rohly\\Desktop\\1dv609test\\hangmanGame\\src\\js\\view\\view.js": {"path":"C:\\Users\\rohly\\Desktop\\1dv609test\\hangmanGame\\src\\js\\view\\view.js","statementMap":{"0":{"start":{"line":26,"column":25},"end":{"line":26,"column":63}},"1":{"start":{"line":27,"column":4},"end":{"line":30,"column":6}},"2":{"start":{"line":28,"column":21},"end":{"line":28,"column":46}},"3":{"start":{"line":29,"column":6},"end":{"line":29,"column":21}},"4":{"start":{"line":39,"column":31},"end":{"line":39,"column":70}},"5":{"start":{"line":40,"column":4},"end":{"line":42,"column":5}},"6":{"start":{"line":41,"column":6},"end":{"line":41,"column":50}},"7":{"start":{"line":51,"column":32},"end":{"line":51,"column":72}},"8":{"start":{"line":52,"column":4},"end":{"line":54,"column":5}},"9":{"start":{"line":53,"column":6},"end":{"line":53,"column":63}},"10":{"start":{"line":63,"column":29},"end":{"line":63,"column":63}},"11":{"start":{"line":65,"column":4},"end":{"line":67,"column":5}},"12":{"start":{"line":66,"column":6},"end":{"line":66,"column":12}},"13":{"start":{"line":69,"column":4},"end":{"line":73,"column":5}},"14":{"start":{"line":71,"column":6},"end":{"line":71,"column":37}},"15":{"start":{"line":72,"column":6},"end":{"line":72,"column":12}},"16":{"start":{"line":75,"column":21},"end":{"line":104,"column":5}},"17":{"start":{"line":106,"column":4},"end":{"line":106,"column":84}}},"fnMap":{"0":{"name":"(anonymous_0)","decl":{"start":{"line":16,"column":2},"end":{"line":16,"column":3}},"loc":{"start":{"line":16,"column":17},"end":{"line":18,"column":3}},"line":16},"1":{"name":"(anonymous_1)","decl":{"start":{"line":25,"column":2},"end":{"line":25,"column":3}},"loc":{"start":{"line":25,"column":22},"end":{"line":31,"column":3}},"line":25},"2":{"name":"(anonymous_2)","decl":{"start":{"line":27,"column":43},"end":{"line":27,"column":44}},"loc":{"start":{"line":27,"column":52},"end":{"line":30,"column":5}},"line":27},"3":{"name":"(anonymous_3)","decl":{"start":{"line":38,"column":2},"end":{"line":38,"column":3}},"loc":{"start":{"line":38,"column":34},"end":{"line":43,"column":3}},"line":38},"4":{"name":"(anonymous_4)","decl":{"start":{"line":50,"column":2},"end":{"line":50,"column":3}},"loc":{"start":{"line":50,"column":38},"end":{"line":55,"column":3}},"line":50},"5":{"name":"(anonymous_5)","decl":{"start":{"line":62,"column":2},"end":{"line":62,"column":3}},"loc":{"start":{"line":62,"column":21},"end":{"line":107,"column":3}},"line":62}},"branchMap":{"0":{"loc":{"start":{"line":40,"column":4},"end":{"line":42,"column":5}},"type":"if","locations":[{"start":{"line":40,"column":4},"end":{"line":42,"column":5}},{"start":{},"end":{}}],"line":40},"1":{"loc":{"start":{"line":52,"column":4},"end":{"line":54,"column":5}},"type":"if","locations":[{"start":{"line":52,"column":4},"end":{"line":54,"column":5}},{"start":{},"end":{}}],"line":52},"2":{"loc":{"start":{"line":65,"column":4},"end":{"line":67,"column":5}},"type":"if","locations":[{"start":{"line":65,"column":4},"end":{"line":67,"column":5}},{"start":{},"end":{}}],"line":65},"3":{"loc":{"start":{"line":69,"column":4},"end":{"line":73,"column":5}},"type":"if","locations":[{"start":{"line":69,"column":4},"end":{"line":73,"column":5}},{"start":{},"end":{}}],"line":69},"4":{"loc":{"start":{"line":69,"column":8},"end":{"line":69,"column":60}},"type":"binary-expr","locations":[{"start":{"line":69,"column":8},"end":{"line":69,"column":32}},{"start":{"line":69,"column":36},"end":{"line":69,"column":45}},{"start":{"line":69,"column":49},"end":{"line":69,"column":60}}],"line":69},"5":{"loc":{"start":{"line":106,"column":33},"end":{"line":106,"column":84}},"type":"binary-expr","locations":[{"start":{"line":106,"column":33},"end":{"line":106,"column":78}},{"start":{"line":106,"column":82},"end":{"line":106,"column":84}}],"line":106}},"s":{"0":1,"1":1,"2":1,"3":1,"4":3,"5":3,"6":1,"7":3,"8":3,"9":2,"10":8,"11":8,"12":1,"13":7,"14":4,"15":4,"16":3,"17":3},"f":{"0":14,"1":1,"2":1,"3":3,"4":3,"5":8},"b":{"0":[1,2],"1":[2,1],"2":[1,7],"3":[4,3],"4":[7,4,3],"5":[3,0]},"_coverageSchema":"1a1c01bbd47fc00a2c39e90264f33305004495a9","hash":"1f623082fefa6424faecd805e06662ec58adbd35"}
}
