TN:
SF:src\js\controler\controler.js
FN:24,(anonymous_0)
FN:34,(anonymous_1)
FN:43,(anonymous_2)
FN:56,(anonymous_3)
FNF:4
FNH:4
FNDA:5,(anonymous_0)
FNDA:2,(anonymous_1)
FNDA:2,(anonymous_2)
FNDA:1,(anonymous_3)
DA:25,5
DA:26,5
DA:35,2
DA:36,1
DA:44,2
DA:45,1
DA:46,1
DA:47,1
DA:57,1
DA:58,1
DA:59,1
DA:60,1
LF:12
LH:12
BRDA:35,0,0,1
BRDA:35,0,1,1
BRDA:44,1,0,1
BRDA:44,1,1,1
BRDA:46,2,0,1
BRDA:46,2,1,0
BRF:6
BRH:5
end_of_record
TN:
SF:src\js\model\game.js
FN:18,(anonymous_0)
FN:31,(anonymous_1)
FN:45,(anonymous_2)
FN:75,(anonymous_3)
FN:76,(anonymous_4)
FN:85,(anonymous_5)
FN:95,(anonymous_6)
FN:98,(anonymous_7)
FN:108,(anonymous_8)
FNF:9
FNH:9
FNDA:22,(anonymous_0)
FNDA:50,(anonymous_1)
FNDA:50,(anonymous_2)
FNDA:6,(anonymous_3)
FNDA:27,(anonymous_4)
FNDA:3,(anonymous_5)
FNDA:5,(anonymous_6)
FNDA:41,(anonymous_7)
FNDA:3,(anonymous_8)
DA:19,22
DA:20,22
DA:21,22
DA:32,50
DA:33,50
DA:34,3
DA:36,47
DA:46,50
DA:47,50
DA:50,47
DA:51,2
DA:55,45
DA:58,45
DA:59,13
DA:60,13
DA:63,32
DA:66,3
DA:76,27
DA:86,3
DA:87,3
DA:96,5
DA:98,41
DA:109,3
DA:110,3
DA:111,3
LF:25
LH:25
BRDA:33,0,0,3
BRDA:33,0,1,47
BRDA:50,1,0,2
BRDA:50,1,1,45
BRDA:58,2,0,13
BRDA:58,2,1,32
BRDA:87,3,0,3
BRDA:87,3,1,2
BRDA:98,4,0,10
BRDA:98,4,1,31
BRF:10
BRH:10
end_of_record
TN:
SF:src\js\view\view.js
FN:18,(anonymous_0)
FN:20,(anonymous_1)
FN:31,(anonymous_2)
FN:43,(anonymous_3)
FN:55,(anonymous_4)
FN:107,(anonymous_5)
FNF:6
FNH:6
FNDA:1,(anonymous_0)
FNDA:1,(anonymous_1)
FNDA:4,(anonymous_2)
FNDA:4,(anonymous_3)
FNDA:9,(anonymous_4)
FNDA:4,(anonymous_5)
DA:19,1
DA:20,1
DA:21,1
DA:22,1
DA:32,4
DA:33,4
DA:34,1
DA:44,4
DA:45,4
DA:46,2
DA:56,9
DA:58,9
DA:59,2
DA:62,7
DA:64,4
DA:65,4
DA:68,3
DA:99,3
DA:108,4
DA:109,4
DA:110,1
LF:21
LH:21
BRDA:33,0,0,1
BRDA:33,0,1,3
BRDA:45,1,0,2
BRDA:45,1,1,2
BRDA:58,2,0,2
BRDA:58,2,1,7
BRDA:62,3,0,4
BRDA:62,3,1,3
BRDA:62,4,0,7
BRDA:62,4,1,4
BRDA:62,4,2,3
BRDA:99,5,0,3
BRDA:99,5,1,0
BRDA:109,6,0,1
BRDA:109,6,1,3
BRF:15
BRH:14
end_of_record
