TN:
SF:src\js\model\game.js
FN:18,(anonymous_0)
FN:31,(anonymous_1)
FN:45,(anonymous_2)
FN:75,(anonymous_3)
FN:76,(anonymous_4)
FN:85,(anonymous_5)
FNF:6
FNH:6
FNDA:15,(anonymous_0)
FNDA:44,(anonymous_1)
FNDA:44,(anonymous_2)
FNDA:6,(anonymous_3)
FNDA:27,(anonymous_4)
FNDA:3,(anonymous_5)
DA:19,15
DA:20,15
DA:21,15
DA:32,44
DA:33,44
DA:34,3
DA:36,41
DA:46,44
DA:47,44
DA:50,41
DA:51,2
DA:55,39
DA:58,39
DA:59,10
DA:60,10
DA:63,29
DA:66,3
DA:76,27
DA:86,3
DA:87,3
LF:20
LH:20
BRDA:33,0,0,3
BRDA:33,0,1,41
BRDA:50,1,0,2
BRDA:50,1,1,39
BRDA:58,2,0,10
BRDA:58,2,1,29
BRDA:87,3,0,3
BRDA:87,3,1,2
BRF:8
BRH:8
end_of_record
